<?xml version="1.0" encoding="UTF-8" ?>
<testsuites errors="0"
            failures="1"
            tests="9">

  <testsuite name="e2e"
    errors="0" failures="1" hostname="" id="" package="e2e" skipped="8"
    tests="9" time="9.205" timestamp="Tue, 03 Oct 2017 09:23:24 GMT">
  
    <testcase name="clear-background" classname="e2e" time="9.205" assertions="1">  <failure message="Timed out while waiting for element &lt;canvas.gr-resource-loaded-canvas&gt; to be present for 5000 milliseconds.">    at Object.exportModule.(anonymous function) [as clear-background] (/Users/kyasbal/grimoire/fundamental/e2e/e2e.js:20:10)
    at _combinedTickCallback (internal/process/next_tick.js:131:7)</failure>

    
    </testcase>
  

  

  
    
    <testcase
      name="draw-cube" classname="e2e">
      <skipped />
    </testcase>
    
    <testcase
      name="dynamic-geometry" classname="e2e">
      <skipped />
    </testcase>
    
    <testcase
      name="multiple-viewport" classname="e2e">
      <skipped />
    </testcase>
    
    <testcase
      name="orthogonal-camera" classname="e2e">
      <skipped />
    </testcase>
    
    <testcase
      name="shader-macro" classname="e2e">
      <skipped />
    </testcase>
    
    <testcase
      name="texture" classname="e2e">
      <skipped />
    </testcase>
    
    <testcase
      name="transparency" classname="e2e">
      <skipped />
    </testcase>
    
    <testcase
      name="video-texture" classname="e2e">
      <skipped />
    </testcase>
    
  
  </testsuite>
</testsuites>
